2018-08-27 16:02:03,821 [http-nio-8080-exec-4] INFO  c.q.controller.AccountController 19 - 访问index首页
2018-08-27 16:02:08,362 [RMI TCP Connection(2)-127.0.0.1] INFO  o.s.b.a.SpringApplicationAdminMXBeanRegistrar$SpringApplicationAdmin 132 - Application shutdown requested.
2018-08-27 16:02:08,362 [RMI TCP Connection(2)-127.0.0.1] INFO  o.s.b.w.s.c.AnnotationConfigServletWebServerApplicationContext 993 - Closing org.springframework.boot.web.servlet.context.AnnotationConfigServletWebServerApplicationContext@664dac67: startup date [Mon Aug 27 16:01:14 CST 2018]; root of context hierarchy
2018-08-27 16:02:08,366 [RMI TCP Connection(2)-127.0.0.1] INFO  o.s.j.e.a.AnnotationMBeanExporter 451 - Unregistering JMX-exposed beans on shutdown
2018-08-27 16:02:08,367 [RMI TCP Connection(2)-127.0.0.1] INFO  o.s.j.e.a.AnnotationMBeanExporter 185 - Unregistering JMX-exposed beans
2018-08-27 16:02:55,953 [restartedMain] INFO  com.qiubit.QiubitApplication 50 - Starting QiubitApplication on liruizi with PID 14468 (D:\eclipse\qiubit\qiubit-web\target\classes started by liruizi in D:\eclipse\qiubit\qiubit-web)
2018-08-27 16:02:55,957 [restartedMain] INFO  com.qiubit.QiubitApplication 662 - No active profile set, falling back to default profiles: default
2018-08-27 16:02:56,006 [restartedMain] INFO  o.s.b.w.s.c.AnnotationConfigServletWebServerApplicationContext 590 - Refreshing org.springframework.boot.web.servlet.context.AnnotationConfigServletWebServerApplicationContext@19334bdc: startup date [Mon Aug 27 16:02:56 CST 2018]; root of context hierarchy
2018-08-27 16:02:56,806 [restartedMain] WARN  o.m.s.mapper.ClassPathMapperScanner 166 - No MyBatis mapper was found in '[com.qiubit]' package. Please check your configuration.
2018-08-27 16:02:57,580 [restartedMain] INFO  o.s.b.w.e.tomcat.TomcatWebServer 91 - Tomcat initialized with port(s): 8080 (http)
2018-08-27 16:02:57,592 [restartedMain] INFO  o.a.coyote.http11.Http11NioProtocol 180 - Initializing ProtocolHandler ["http-nio-8080"]
2018-08-27 16:02:57,602 [restartedMain] INFO  o.a.catalina.core.StandardService 180 - Starting service [Tomcat]
2018-08-27 16:02:57,602 [restartedMain] INFO  o.a.catalina.core.StandardEngine 180 - Starting Servlet Engine: Apache Tomcat/8.5.32
2018-08-27 16:02:57,617 [localhost-startStop-1] INFO  o.a.c.core.AprLifecycleListener 180 - The APR based Apache Tomcat Native library which allows optimal performance in production environments was not found on the java.library.path: [C:\Program Files\Java\jdk1.8.0_131\bin;C:\WINDOWS\Sun\Java\bin;C:\WINDOWS\system32;C:\WINDOWS;C:/Program Files/Java/jre1.8.0_131/bin/server;C:/Program Files/Java/jre1.8.0_131/bin;C:/Program Files/Java/jre1.8.0_131/lib/amd64;C:\ProgramData\Oracle\Java\javapath;C:\Program Files (x86)\Intel\iCLS Client\;C:\Program Files\Intel\iCLS Client\;C:\WINDOWS\system32;C:\WINDOWS;C:\WINDOWS\System32\Wbem;C:\WINDOWS\System32\WindowsPowerShell\v1.0\;C:\Program Files (x86)\Intel\Intel(R) Management Engine Components\DAL;C:\Program Files\Intel\Intel(R) Management Engine Components\DAL;C:\Program Files (x86)\Intel\Intel(R) Management Engine Components\IPT;C:\Program Files\Intel\Intel(R) Management Engine Components\IPT;C:\Program Files\Intel\WiFi\bin\;C:\Program Files\Common Files\Intel\WirelessCommon\;";C:\Program Files\Java\jdk1.8.0_131\bin;C:\Program Files\Java\jdk1.8.0_131\jre\bin";D:\tools\apache-maven-3.2.5\bin;C:\Program Files\Git\cmd;C:\Users\liruizi\Anaconda3;D:\Users\liruizi\Anaconda3\Scripts;D:\Users\liruizi\Anaconda3\Library\bin;C:\Program Files\Microsoft VS Code\bin;D:\tools\mysql\bin;;C:\WINDOWS\System32\OpenSSH\;C:\Users\liruizi\Anaconda3;C:\Users\liruizi\Anaconda3\Library\mingw-w64\bin;C:\Users\liruizi\Anaconda3\Library\usr\bin;C:\Users\liruizi\Anaconda3\Library\bin;C:\Users\liruizi\Anaconda3\Scripts;D:\tools\Anaconda3;D:\tools\Anaconda3\Library\mingw-w64\bin;D:\tools\Anaconda3\Library\usr\bin;D:\tools\Anaconda3\Library\bin;D:\tools\Anaconda3\Scripts;C:\Users\liruizi\AppData\Local\Microsoft\WindowsApps;%USERPROFILE%\AppData\Local\Microsoft\WindowsApps;;D:\tools\sts-bundle\sts-3.9.4.RELEASE;;.]
2018-08-27 16:02:57,718 [localhost-startStop-1] INFO  o.a.c.c.C.[Tomcat].[localhost].[/] 180 - Initializing Spring embedded WebApplicationContext
2018-08-27 16:02:57,719 [localhost-startStop-1] INFO  o.s.web.context.ContextLoader 285 - Root WebApplicationContext: initialization completed in 1713 ms
2018-08-27 16:02:57,816 [localhost-startStop-1] INFO  o.s.b.w.s.ServletRegistrationBean 187 - Servlet dispatcherServlet mapped to [/]
2018-08-27 16:02:57,821 [localhost-startStop-1] INFO  o.s.b.w.s.FilterRegistrationBean 245 - Mapping filter: 'characterEncodingFilter' to: [/*]
2018-08-27 16:02:57,822 [localhost-startStop-1] INFO  o.s.b.w.s.FilterRegistrationBean 245 - Mapping filter: 'hiddenHttpMethodFilter' to: [/*]
2018-08-27 16:02:57,822 [localhost-startStop-1] INFO  o.s.b.w.s.FilterRegistrationBean 245 - Mapping filter: 'httpPutFormContentFilter' to: [/*]
2018-08-27 16:02:57,822 [localhost-startStop-1] INFO  o.s.b.w.s.FilterRegistrationBean 245 - Mapping filter: 'requestContextFilter' to: [/*]
2018-08-27 16:02:57,964 [restartedMain] INFO  o.s.w.s.h.SimpleUrlHandlerMapping 373 - Mapped URL path [/**/favicon.ico] onto handler of type [class org.springframework.web.servlet.resource.ResourceHttpRequestHandler]
2018-08-27 16:02:58,177 [restartedMain] INFO  o.s.w.s.m.m.a.RequestMappingHandlerAdapter 574 - Looking for @ControllerAdvice: org.springframework.boot.web.servlet.context.AnnotationConfigServletWebServerApplicationContext@19334bdc: startup date [Mon Aug 27 16:02:56 CST 2018]; root of context hierarchy
2018-08-27 16:02:58,234 [restartedMain] INFO  o.s.w.s.m.m.a.RequestMappingHandlerMapping 547 - Mapped "{[/v1/rest/account],methods=[GET],produces=[application/json]}" onto public java.lang.String com.qiubit.controller.AccountController.index(org.springframework.ui.Model)
2018-08-27 16:02:58,235 [restartedMain] INFO  o.s.w.s.m.m.a.RequestMappingHandlerMapping 547 - Mapped "{[/v1/rest/account/register],methods=[POST],produces=[application/json]}" onto public java.lang.String com.qiubit.controller.AccountController.register(org.springframework.ui.Model)
2018-08-27 16:02:58,235 [restartedMain] INFO  o.s.w.s.m.m.a.RequestMappingHandlerMapping 547 - Mapped "{[/v1/rest/account/login],methods=[POST],produces=[application/json]}" onto public java.lang.String com.qiubit.controller.AccountController.login(org.springframework.ui.Model)
2018-08-27 16:02:58,236 [restartedMain] INFO  o.s.w.s.m.m.a.RequestMappingHandlerMapping 547 - Mapped "{[/admin/login],methods=[GET]}" onto public java.lang.String com.qiubit.controller.test.loginGet(org.springframework.ui.Model)
2018-08-27 16:02:58,238 [restartedMain] INFO  o.s.w.s.m.m.a.RequestMappingHandlerMapping 547 - Mapped "{[/error]}" onto public org.springframework.http.ResponseEntity<java.util.Map<java.lang.String, java.lang.Object>> org.springframework.boot.autoconfigure.web.servlet.error.BasicErrorController.error(javax.servlet.http.HttpServletRequest)
2018-08-27 16:02:58,238 [restartedMain] INFO  o.s.w.s.m.m.a.RequestMappingHandlerMapping 547 - Mapped "{[/error],produces=[text/html]}" onto public org.springframework.web.servlet.ModelAndView org.springframework.boot.autoconfigure.web.servlet.error.BasicErrorController.errorHtml(javax.servlet.http.HttpServletRequest,javax.servlet.http.HttpServletResponse)
2018-08-27 16:02:58,269 [restartedMain] INFO  o.s.w.s.h.SimpleUrlHandlerMapping 373 - Mapped URL path [/webjars/**] onto handler of type [class org.springframework.web.servlet.resource.ResourceHttpRequestHandler]
2018-08-27 16:02:58,269 [restartedMain] INFO  o.s.w.s.h.SimpleUrlHandlerMapping 373 - Mapped URL path [/**] onto handler of type [class org.springframework.web.servlet.resource.ResourceHttpRequestHandler]
2018-08-27 16:02:58,285 [restartedMain] INFO  o.s.w.s.m.m.a.ExceptionHandlerExceptionResolver 288 - Detected @ExceptionHandler methods in globalDefultExceptionHandler
2018-08-27 16:02:58,350 [restartedMain] WARN  o.t.templatemode.TemplateMode 150 - [THYMELEAF][restartedMain] Template Mode 'HTML5' is deprecated. Using Template Mode 'HTML' instead.
2018-08-27 16:02:58,853 [restartedMain] INFO  o.s.b.d.a.OptionalLiveReloadServer 57 - LiveReload server is running on port 35729
2018-08-27 16:02:58,879 [restartedMain] INFO  o.s.j.e.a.AnnotationMBeanExporter 433 - Registering beans for JMX exposure on startup
2018-08-27 16:02:58,880 [restartedMain] INFO  o.s.j.e.a.AnnotationMBeanExporter 895 - Bean with name 'dataSource' has been autodetected for JMX exposure
2018-08-27 16:02:58,885 [restartedMain] INFO  o.s.j.e.a.AnnotationMBeanExporter 668 - Located MBean 'dataSource': registering with JMX server as MBean [com.zaxxer.hikari:name=dataSource,type=HikariDataSource]
2018-08-27 16:02:58,894 [restartedMain] INFO  o.a.coyote.http11.Http11NioProtocol 180 - Starting ProtocolHandler ["http-nio-8080"]
2018-08-27 16:02:58,903 [restartedMain] INFO  o.a.tomcat.util.net.NioSelectorPool 180 - Using a shared selector for servlet write/read
2018-08-27 16:02:58,920 [restartedMain] INFO  o.s.b.w.e.tomcat.TomcatWebServer 206 - Tomcat started on port(s): 8080 (http) with context path ''
2018-08-27 16:02:58,924 [restartedMain] INFO  com.qiubit.QiubitApplication 59 - Started QiubitApplication in 3.207 seconds (JVM running for 4.163)
2018-08-27 16:03:07,329 [http-nio-8080-exec-2] INFO  o.a.c.c.C.[Tomcat].[localhost].[/] 180 - Initializing Spring FrameworkServlet 'dispatcherServlet'
2018-08-27 16:03:07,329 [http-nio-8080-exec-2] INFO  o.s.web.servlet.DispatcherServlet 494 - FrameworkServlet 'dispatcherServlet': initialization started
2018-08-27 16:03:07,356 [http-nio-8080-exec-2] INFO  o.s.web.servlet.DispatcherServlet 509 - FrameworkServlet 'dispatcherServlet': initialization completed in 27 ms
2018-08-27 16:03:07,381 [http-nio-8080-exec-2] INFO  c.q.controller.AccountController 19 - 访问index首页
2018-08-27 16:03:11,669 [http-nio-8080-exec-2] INFO  c.q.controller.AccountController 19 - 访问index首页
2018-08-27 16:03:16,308 [RMI TCP Connection(2)-127.0.0.1] INFO  o.s.b.a.SpringApplicationAdminMXBeanRegistrar$SpringApplicationAdmin 132 - Application shutdown requested.
2018-08-27 16:03:16,308 [RMI TCP Connection(2)-127.0.0.1] INFO  o.s.b.w.s.c.AnnotationConfigServletWebServerApplicationContext 993 - Closing org.springframework.boot.web.servlet.context.AnnotationConfigServletWebServerApplicationContext@19334bdc: startup date [Mon Aug 27 16:02:56 CST 2018]; root of context hierarchy
2018-08-27 16:03:16,311 [RMI TCP Connection(2)-127.0.0.1] INFO  o.s.j.e.a.AnnotationMBeanExporter 451 - Unregistering JMX-exposed beans on shutdown
2018-08-27 16:03:16,312 [RMI TCP Connection(2)-127.0.0.1] INFO  o.s.j.e.a.AnnotationMBeanExporter 185 - Unregistering JMX-exposed beans
